# JRE version: OpenJDK Runtime Environment Corretto-17.0.10.7.1 (17.0.10+7) (build 17.0.10+7-LTS)
# Java VM: OpenJDK 64-Bit Server VM Corretto-17.0.10.7.1 (17.0.10+7-LTS, mixed mode, emulated-client, sharing, tiered, compressed oops, compressed class ptrs, g1 gc, windows-amd64)
GC Precious Log:
 CPUs: 16 total, 16 available
 Memory: 15714M
 Large Page Support: Disabled
 NUMA Support: Disabled
 Compressed Oops: Enabled (Zero based)
 Heap Region Size: 2M
 Heap Min Capacity: 8M
 Heap Initial Capacity: 246M
 Heap Max Capacity: 3930M
 Pre-touch: Disabled
 Parallel Workers: 13
 Concurrent Workers: 3
 Concurrent Refinement Workers: 13
 Periodic GC: Disabled
Heap:
 garbage-first heap   total 90112K, used 33408K [0x000000070a600000, 0x0000000800000000)
  region size 2048K, 2 young (4096K), 1 survivors (2048K)
 Metaspace       used 69334K, committed 70016K, reserved 1114112K
  class space    used 9715K, committed 9984K, reserved 1048576K
GC Heap History (20 events):
Event: 301877.797 GC heap before
{Heap before GC invocations=335 (full 0):
 garbage-first heap   total 90112K, used 76231K [0x000000070a600000, 0x0000000800000000)
  region size 2048K, 22 young (45056K), 1 survivors (2048K)
 Metaspace       used 69165K, committed 70016K, reserved 1114112K
  class space    used 9675K, committed 9984K, reserved 1048576K
}
Event: 301877.798 GC heap after
{Heap after GC invocations=336 (full 0):
 garbage-first heap   total 90112K, used 33313K [0x000000070a600000, 0x0000000800000000)
  region size 2048K, 1 young (2048K), 1 survivors (2048K)
 Metaspace       used 69165K, committed 70016K, reserved 1114112K
  class space    used 9675K, committed 9984K, reserved 1048576K
}
Event: 311318.636 GC heap before
{Heap before GC invocations=336 (full 0):
 garbage-first heap   total 90112K, used 76321K [0x000000070a600000, 0x0000000800000000)
  region size 2048K, 22 young (45056K), 1 survivors (2048K)
 Metaspace       used 69172K, committed 70016K, reserved 1114112K
  class space    used 9676K, committed 9984K, reserved 1048576K
}
Event: 311318.637 GC heap after
{Heap after GC invocations=337 (full 0):
 garbage-first heap   total 90112K, used 33328K [0x000000070a600000, 0x0000000800000000)
  region size 2048K, 1 young (2048K), 1 survivors (2048K)
 Metaspace       used 69172K, committed 70016K, reserved 1114112K
  class space    used 9676K, committed 9984K, reserved 1048576K
}
Event: 312281.527 GC heap before
{Heap before GC invocations=337 (full 0):
 garbage-first heap   total 90112K, used 76336K [0x000000070a600000, 0x0000000800000000)
  region size 2048K, 22 young (45056K), 1 survivors (2048K)
 Metaspace       used 69172K, committed 70016K, reserved 1114112K
  class space    used 9676K, committed 9984K, reserved 1048576K
}
Event: 312281.528 GC heap after
{Heap after GC invocations=338 (full 0):
 garbage-first heap   total 90112K, used 33236K [0x000000070a600000, 0x0000000800000000)
  region size 2048K, 1 young (2048K), 1 survivors (2048K)
 Metaspace       used 69172K, committed 70016K, reserved 1114112K
  class space    used 9676K, committed 9984K, reserved 1048576K
}
Event: 313205.786 GC heap before
{Heap before GC invocations=338 (full 0):
 garbage-first heap   total 90112K, used 76244K [0x000000070a600000, 0x0000000800000000)
  region size 2048K, 22 young (45056K), 1 survivors (2048K)
 Metaspace       used 69172K, committed 70016K, reserved 1114112K
  class space    used 9676K, committed 9984K, reserved 1048576K
}
Event: 313205.788 GC heap after
{Heap after GC invocations=339 (full 0):
 garbage-first heap   total 90112K, used 33401K [0x000000070a600000, 0x0000000800000000)
  region size 2048K, 1 young (2048K), 1 survivors (2048K)
 Metaspace       used 69172K, committed 70016K, reserved 1114112K
  class space    used 9676K, committed 9984K, reserved 1048576K
}
Event: 314173.589 GC heap before
{Heap before GC invocations=339 (full 0):
 garbage-first heap   total 90112K, used 76409K [0x000000070a600000, 0x0000000800000000)
  region size 2048K, 22 young (45056K), 1 survivors (2048K)
 Metaspace       used 69172K, committed 70016K, reserved 1114112K
  class space    used 9676K, committed 9984K, reserved 1048576K
}
Event: 314173.590 GC heap after
{Heap after GC invocations=340 (full 0):
 garbage-first heap   total 90112K, used 33155K [0x000000070a600000, 0x0000000800000000)
  region size 2048K, 1 young (2048K), 1 survivors (2048K)
 Metaspace       used 69172K, committed 70016K, reserved 1114112K
  class space    used 9676K, committed 9984K, reserved 1048576K
}
Event: 315098.753 GC heap before
{Heap before GC invocations=340 (full 0):
 garbage-first heap   total 90112K, used 76163K [0x000000070a600000, 0x0000000800000000)
  region size 2048K, 22 young (45056K), 1 survivors (2048K)
 Metaspace       used 69172K, committed 70016K, reserved 1114112K
  class space    used 9676K, committed 9984K, reserved 1048576K
}
Event: 315098.756 GC heap after
{Heap after GC invocations=341 (full 0):
 garbage-first heap   total 90112K, used 33321K [0x000000070a600000, 0x0000000800000000)
  region size 2048K, 1 young (2048K), 1 survivors (2048K)
 Metaspace       used 69172K, committed 70016K, reserved 1114112K
  class space    used 9676K, committed 9984K, reserved 1048576K
}
Event: 316067.189 GC heap before
{Heap before GC invocations=341 (full 0):
 garbage-first heap   total 90112K, used 76329K [0x000000070a600000, 0x0000000800000000)
  region size 2048K, 22 young (45056K), 1 survivors (2048K)
 Metaspace       used 69172K, committed 70016K, reserved 1114112K
  class space    used 9676K, committed 9984K, reserved 1048576K
}
Event: 316067.191 GC heap after
{Heap after GC invocations=342 (full 0):
 garbage-first heap   total 90112K, used 33146K [0x000000070a600000, 0x0000000800000000)
  region size 2048K, 1 young (2048K), 1 survivors (2048K)
 Metaspace       used 69172K, committed 70016K, reserved 1114112K
  class space    used 9676K, committed 9984K, reserved 1048576K
}
Event: 322831.510 GC heap before
{Heap before GC invocations=342 (full 0):
 garbage-first heap   total 90112K, used 76154K [0x000000070a600000, 0x0000000800000000)
  region size 2048K, 22 young (45056K), 1 survivors (2048K)
 Metaspace       used 69178K, committed 70016K, reserved 1114112K
  class space    used 9677K, committed 9984K, reserved 1048576K
}
Event: 322831.514 GC heap after
{Heap after GC invocations=343 (full 0):
 garbage-first heap   total 90112K, used 33432K [0x000000070a600000, 0x0000000800000000)
  region size 2048K, 1 young (2048K), 1 survivors (2048K)
 Metaspace       used 69178K, committed 70016K, reserved 1114112K
  class space    used 9677K, committed 9984K, reserved 1048576K
}
Event: 323786.864 GC heap before
{Heap before GC invocations=343 (full 0):
 garbage-first heap   total 90112K, used 76440K [0x000000070a600000, 0x0000000800000000)
  region size 2048K, 22 young (45056K), 1 survivors (2048K)
 Metaspace       used 69178K, committed 70016K, reserved 1114112K
  class space    used 9677K, committed 9984K, reserved 1048576K
}
Event: 323786.866 GC heap after
{Heap after GC invocations=344 (full 0):
 garbage-first heap   total 90112K, used 33284K [0x000000070a600000, 0x0000000800000000)
  region size 2048K, 1 young (2048K), 1 survivors (2048K)
 Metaspace       used 69178K, committed 70016K, reserved 1114112K
  class space    used 9677K, committed 9984K, reserved 1048576K
}
Event: 324707.168 GC heap before
{Heap before GC invocations=344 (full 0):
 garbage-first heap   total 90112K, used 76292K [0x000000070a600000, 0x0000000800000000)
  region size 2048K, 22 young (45056K), 1 survivors (2048K)
 Metaspace       used 69231K, committed 70016K, reserved 1114112K
  class space    used 9691K, committed 9984K, reserved 1048576K
}
Event: 324707.213 GC heap after
{Heap after GC invocations=345 (full 0):
 garbage-first heap   total 90112K, used 33408K [0x000000070a600000, 0x0000000800000000)
  region size 2048K, 1 young (2048K), 1 survivors (2048K)
 Metaspace       used 69231K, committed 70016K, reserved 1114112K
  class space    used 9691K, committed 9984K, reserved 1048576K
}

